<?xml version="1.0" encoding="UTF-8"?>
<!-- Generated by org.testng.reporters.JUnitReportReporter -->
<testsuite hostname="kiran-PC" name="TestAppium" tests="1" failures="0" timestamp="24 Oct 2017 03:51:15 GMT" time="1.719" errors="0">
  <testcase name="appiumExampleTest" time="1.719" classname="TestAppium"/>
</testsuite> <!-- TestAppium -->
